# JRE version: OpenJDK Runtime Environment (11.0.8+10) (build 11.0.8+10-b944.6842174)
# Java VM: OpenJDK 64-Bit Server VM (11.0.8+10-b944.6842174, mixed mode, tiered, compressed oops, g1 gc, windows-amd64)
Heap:
 garbage-first heap   total 310272K, used 216972K [0x0000000080000000, 0x0000000100000000)
  region size 1024K, 25 young (25600K), 6 survivors (6144K)
 Metaspace       used 138888K, capacity 142557K, committed 143828K, reserved 1175552K
  class space    used 16798K, capacity 18135K, committed 18512K, reserved 1048576K
GC Heap History (20 events):
Event: 12538.884 GC heap before
{Heap before GC invocations=47 (full 0):
 garbage-first heap   total 310272K, used 258413K [0x0000000080000000, 0x0000000100000000)
  region size 1024K, 118 young (120832K), 13 survivors (13312K)
 Metaspace       used 134481K, capacity 138495K, committed 138708K, reserved 1171456K
  class space    used 16276K, capacity 17672K, committed 17744K, reserved 1048576K
}
Event: 12538.914 GC heap after
{Heap after GC invocations=48 (full 0):
 garbage-first heap   total 310272K, used 174891K [0x0000000080000000, 0x0000000100000000)
  region size 1024K, 15 young (15360K), 15 survivors (15360K)
 Metaspace       used 134481K, capacity 138495K, committed 138708K, reserved 1171456K
  class space    used 16276K, capacity 17672K, committed 17744K, reserved 1048576K
}
Event: 12539.206 GC heap before
{Heap before GC invocations=48 (full 0):
 garbage-first heap   total 310272K, used 250667K [0x0000000080000000, 0x0000000100000000)
  region size 1024K, 90 young (92160K), 15 survivors (15360K)
 Metaspace       used 139149K, capacity 143582K, committed 143828K, reserved 1175552K
  class space    used 16960K, capacity 18498K, committed 18512K, reserved 1048576K
}
Event: 12539.227 GC heap after
{Heap after GC invocations=49 (full 0):
 garbage-first heap   total 310272K, used 180192K [0x0000000080000000, 0x0000000100000000)
  region size 1024K, 6 young (6144K), 6 survivors (6144K)
 Metaspace       used 139149K, capacity 143582K, committed 143828K, reserved 1175552K
  class space    used 16960K, capacity 18498K, committed 18512K, reserved 1048576K
}
Event: 12539.524 GC heap before
{Heap before GC invocations=50 (full 0):
 garbage-first heap   total 310272K, used 250848K [0x0000000080000000, 0x0000000100000000)
  region size 1024K, 78 young (79872K), 6 survivors (6144K)
 Metaspace       used 138141K, capacity 141786K, committed 143828K, reserved 1175552K
  class space    used 16744K, capacity 18058K, committed 18512K, reserved 1048576K
}
Event: 12539.539 GC heap after
{Heap after GC invocations=51 (full 0):
 garbage-first heap   total 310272K, used 189401K [0x0000000080000000, 0x0000000100000000)
  region size 1024K, 10 young (10240K), 10 survivors (10240K)
 Metaspace       used 138141K, capacity 141786K, committed 143828K, reserved 1175552K
  class space    used 16744K, capacity 18058K, committed 18512K, reserved 1048576K
}
Event: 12539.546 GC heap before
{Heap before GC invocations=51 (full 0):
 garbage-first heap   total 310272K, used 194521K [0x0000000080000000, 0x0000000100000000)
  region size 1024K, 15 young (15360K), 10 survivors (10240K)
 Metaspace       used 138155K, capacity 141818K, committed 143828K, reserved 1175552K
  class space    used 16749K, capacity 18090K, committed 18512K, reserved 1048576K
}
Event: 12539.562 GC heap after
{Heap after GC invocations=52 (full 0):
 garbage-first heap   total 310272K, used 166474K [0x0000000080000000, 0x0000000100000000)
  region size 1024K, 2 young (2048K), 2 survivors (2048K)
 Metaspace       used 138155K, capacity 141818K, committed 143828K, reserved 1175552K
  class space    used 16749K, capacity 18090K, committed 18512K, reserved 1048576K
}
Event: 12539.576 GC heap before
{Heap before GC invocations=52 (full 0):
 garbage-first heap   total 310272K, used 179786K [0x0000000080000000, 0x0000000100000000)
  region size 1024K, 15 young (15360K), 2 survivors (2048K)
 Metaspace       used 138155K, capacity 141818K, committed 143828K, reserved 1175552K
  class space    used 16749K, capacity 18090K, committed 18512K, reserved 1048576K
}
Event: 12539.587 GC heap after
{Heap after GC invocations=53 (full 0):
 garbage-first heap   total 310272K, used 165560K [0x0000000080000000, 0x0000000100000000)
  region size 1024K, 2 young (2048K), 2 survivors (2048K)
 Metaspace       used 138155K, capacity 141818K, committed 143828K, reserved 1175552K
  class space    used 16749K, capacity 18090K, committed 18512K, reserved 1048576K
}
Event: 12539.744 GC heap before
{Heap before GC invocations=53 (full 0):
 garbage-first heap   total 310272K, used 244408K [0x0000000080000000, 0x0000000100000000)
  region size 1024K, 80 young (81920K), 2 survivors (2048K)
 Metaspace       used 138270K, capacity 141913K, committed 143828K, reserved 1175552K
  class space    used 16757K, capacity 18099K, committed 18512K, reserved 1048576K
}
Event: 12539.754 GC heap after
{Heap after GC invocations=54 (full 0):
 garbage-first heap   total 310272K, used 174954K [0x0000000080000000, 0x0000000100000000)
  region size 1024K, 10 young (10240K), 10 survivors (10240K)
 Metaspace       used 138270K, capacity 141913K, committed 143828K, reserved 1175552K
  class space    used 16757K, capacity 18099K, committed 18512K, reserved 1048576K
}
Event: 12539.900 GC heap before
{Heap before GC invocations=54 (full 0):
 garbage-first heap   total 310272K, used 249706K [0x0000000080000000, 0x0000000100000000)
  region size 1024K, 84 young (86016K), 10 survivors (10240K)
 Metaspace       used 138352K, capacity 141978K, committed 143828K, reserved 1175552K
  class space    used 16773K, capacity 18099K, committed 18512K, reserved 1048576K
}
Event: 12539.913 GC heap after
{Heap after GC invocations=55 (full 0):
 garbage-first heap   total 310272K, used 178849K [0x0000000080000000, 0x0000000100000000)
  region size 1024K, 6 young (6144K), 6 survivors (6144K)
 Metaspace       used 138352K, capacity 141978K, committed 143828K, reserved 1175552K
  class space    used 16773K, capacity 18099K, committed 18512K, reserved 1048576K
}
Event: 12540.049 GC heap before
{Heap before GC invocations=55 (full 0):
 garbage-first heap   total 310272K, used 252577K [0x0000000080000000, 0x0000000100000000)
  region size 1024K, 79 young (80896K), 6 survivors (6144K)
 Metaspace       used 138392K, capacity 142043K, committed 143828K, reserved 1175552K
  class space    used 16773K, capacity 18099K, committed 18512K, reserved 1048576K
}
Event: 12540.056 GC heap after
{Heap after GC invocations=56 (full 0):
 garbage-first heap   total 310272K, used 184638K [0x0000000080000000, 0x0000000100000000)
  region size 1024K, 10 young (10240K), 10 survivors (10240K)
 Metaspace       used 138392K, capacity 142043K, committed 143828K, reserved 1175552K
  class space    used 16773K, capacity 18099K, committed 18512K, reserved 1048576K
}
Event: 12540.163 GC heap before
{Heap before GC invocations=56 (full 0):
 garbage-first heap   total 310272K, used 254270K [0x0000000080000000, 0x0000000100000000)
  region size 1024K, 79 young (80896K), 10 survivors (10240K)
 Metaspace       used 138550K, capacity 142189K, committed 143828K, reserved 1175552K
  class space    used 16782K, capacity 18102K, committed 18512K, reserved 1048576K
}
Event: 12540.169 GC heap after
{Heap after GC invocations=57 (full 0):
 garbage-first heap   total 310272K, used 185874K [0x0000000080000000, 0x0000000100000000)
  region size 1024K, 5 young (5120K), 5 survivors (5120K)
 Metaspace       used 138550K, capacity 142189K, committed 143828K, reserved 1175552K
  class space    used 16782K, capacity 18102K, committed 18512K, reserved 1048576K
}
Event: 12540.247 GC heap before
{Heap before GC invocations=57 (full 0):
 garbage-first heap   total 310272K, used 255506K [0x0000000080000000, 0x0000000100000000)
  region size 1024K, 74 young (75776K), 5 survivors (5120K)
 Metaspace       used 138694K, capacity 142357K, committed 143828K, reserved 1175552K
  class space    used 16793K, capacity 18134K, committed 18512K, reserved 1048576K
}
Event: 12540.254 GC heap after
{Heap after GC invocations=58 (full 0):
 garbage-first heap   total 310272K, used 193525K [0x0000000080000000, 0x0000000100000000)
  region size 1024K, 10 young (10240K), 10 survivors (10240K)
 Metaspace       used 138694K, capacity 142357K, committed 143828K, reserved 1175552K
  class space    used 16793K, capacity 18134K, committed 18512K, reserved 1048576K
}

