# JRE version: OpenJDK Runtime Environment (11.0.8+10) (build 11.0.8+10-b944.6842174)
# Java VM: OpenJDK 64-Bit Server VM (11.0.8+10-b944.6842174, mixed mode, tiered, compressed oops, g1 gc, windows-amd64)
Heap:
 garbage-first heap   total 348160K, used 153881K [0x0000000080000000, 0x0000000100000000)
  region size 1024K, 58 young (59392K), 2 survivors (2048K)
 Metaspace       used 99698K, capacity 102113K, committed 102272K, reserved 1138688K
  class space    used 12719K, capacity 13609K, committed 13696K, reserved 1048576K
GC Heap History (20 events):
Event: 9.421 GC heap before
{Heap before GC invocations=21 (full 0):
 garbage-first heap   total 348160K, used 269822K [0x0000000080000000, 0x0000000100000000)
  region size 1024K, 56 young (57344K), 5 survivors (5120K)
 Metaspace       used 93064K, capacity 95170K, committed 95872K, reserved 1132544K
  class space    used 12151K, capacity 12941K, committed 13184K, reserved 1048576K
}
Event: 9.428 GC heap after
{Heap after GC invocations=22 (full 0):
 garbage-first heap   total 348160K, used 224530K [0x0000000080000000, 0x0000000100000000)
  region size 1024K, 7 young (7168K), 7 survivors (7168K)
 Metaspace       used 93064K, capacity 95170K, committed 95872K, reserved 1132544K
  class space    used 12151K, capacity 12941K, committed 13184K, reserved 1048576K
}
Event: 9.569 GC heap before
{Heap before GC invocations=23 (full 0):
 garbage-first heap   total 348160K, used 285970K [0x0000000080000000, 0x0000000100000000)
  region size 1024K, 55 young (56320K), 7 survivors (7168K)
 Metaspace       used 93133K, capacity 95238K, committed 95872K, reserved 1132544K
  class space    used 12153K, capacity 12942K, committed 13184K, reserved 1048576K
}
Event: 9.577 GC heap after
{Heap after GC invocations=24 (full 0):
 garbage-first heap   total 348160K, used 242860K [0x0000000080000000, 0x0000000100000000)
  region size 1024K, 6 young (6144K), 6 survivors (6144K)
 Metaspace       used 93133K, capacity 95238K, committed 95872K, reserved 1132544K
  class space    used 12153K, capacity 12942K, committed 13184K, reserved 1048576K
}
Event: 9.624 GC heap before
{Heap before GC invocations=24 (full 0):
 garbage-first heap   total 348160K, used 254124K [0x0000000080000000, 0x0000000100000000)
  region size 1024K, 17 young (17408K), 6 survivors (6144K)
 Metaspace       used 93221K, capacity 95311K, committed 96128K, reserved 1132544K
  class space    used 12156K, capacity 12945K, committed 13184K, reserved 1048576K
}
Event: 9.627 GC heap after
{Heap after GC invocations=25 (full 0):
 garbage-first heap   total 348160K, used 236223K [0x0000000080000000, 0x0000000100000000)
  region size 1024K, 1 young (1024K), 1 survivors (1024K)
 Metaspace       used 93221K, capacity 95311K, committed 96128K, reserved 1132544K
  class space    used 12156K, capacity 12945K, committed 13184K, reserved 1048576K
}
Event: 9.781 GC heap before
{Heap before GC invocations=25 (full 0):
 garbage-first heap   total 348160K, used 252607K [0x0000000080000000, 0x0000000100000000)
  region size 1024K, 18 young (18432K), 1 survivors (1024K)
 Metaspace       used 93325K, capacity 95440K, committed 96128K, reserved 1132544K
  class space    used 12166K, capacity 12961K, committed 13184K, reserved 1048576K
}
Event: 9.783 GC heap after
{Heap after GC invocations=26 (full 0):
 garbage-first heap   total 348160K, used 235689K [0x0000000080000000, 0x0000000100000000)
  region size 1024K, 1 young (1024K), 1 survivors (1024K)
 Metaspace       used 93325K, capacity 95440K, committed 96128K, reserved 1132544K
  class space    used 12166K, capacity 12961K, committed 13184K, reserved 1048576K
}
Event: 18.213 GC heap before
{Heap before GC invocations=27 (full 0):
 garbage-first heap   total 348160K, used 335017K [0x0000000080000000, 0x0000000100000000)
  region size 1024K, 50 young (51200K), 1 survivors (1024K)
 Metaspace       used 98632K, capacity 101048K, committed 101248K, reserved 1136640K
  class space    used 12699K, capacity 13576K, committed 13696K, reserved 1048576K
}
Event: 18.217 GC heap after
{Heap after GC invocations=28 (full 0):
 garbage-first heap   total 348160K, used 236638K [0x0000000080000000, 0x0000000100000000)
  region size 1024K, 5 young (5120K), 5 survivors (5120K)
 Metaspace       used 98632K, capacity 101048K, committed 101248K, reserved 1136640K
  class space    used 12699K, capacity 13576K, committed 13696K, reserved 1048576K
}
Event: 18.321 GC heap before
{Heap before GC invocations=28 (full 0):
 garbage-first heap   total 348160K, used 247902K [0x0000000080000000, 0x0000000100000000)
  region size 1024K, 17 young (17408K), 5 survivors (5120K)
 Metaspace       used 98800K, capacity 101201K, committed 101504K, reserved 1136640K
  class space    used 12701K, capacity 13579K, committed 13696K, reserved 1048576K
}
Event: 18.326 GC heap after
{Heap after GC invocations=29 (full 0):
 garbage-first heap   total 348160K, used 217127K [0x0000000080000000, 0x0000000100000000)
  region size 1024K, 1 young (1024K), 1 survivors (1024K)
 Metaspace       used 98800K, capacity 101201K, committed 101504K, reserved 1136640K
  class space    used 12701K, capacity 13579K, committed 13696K, reserved 1048576K
}
Event: 18.732 GC heap before
{Heap before GC invocations=29 (full 0):
 garbage-first heap   total 348160K, used 277543K [0x0000000080000000, 0x0000000100000000)
  region size 1024K, 61 young (62464K), 1 survivors (1024K)
 Metaspace       used 99279K, capacity 101674K, committed 102016K, reserved 1138688K
  class space    used 12707K, capacity 13591K, committed 13696K, reserved 1048576K
}
Event: 18.744 GC heap after
{Heap after GC invocations=30 (full 0):
 garbage-first heap   total 348160K, used 220891K [0x0000000080000000, 0x0000000100000000)
  region size 1024K, 5 young (5120K), 5 survivors (5120K)
 Metaspace       used 99279K, capacity 101674K, committed 102016K, reserved 1138688K
  class space    used 12707K, capacity 13591K, committed 13696K, reserved 1048576K
}
Event: 19.206 GC heap before
{Heap before GC invocations=31 (full 0):
 garbage-first heap   total 348160K, used 208603K [0x0000000080000000, 0x0000000100000000)
  region size 1024K, 65 young (66560K), 5 survivors (5120K)
 Metaspace       used 99355K, capacity 101762K, committed 102016K, reserved 1138688K
  class space    used 12710K, capacity 13596K, committed 13696K, reserved 1048576K
}
Event: 19.214 GC heap after
{Heap after GC invocations=32 (full 0):
 garbage-first heap   total 348160K, used 149196K [0x0000000080000000, 0x0000000100000000)
  region size 1024K, 5 young (5120K), 5 survivors (5120K)
 Metaspace       used 99355K, capacity 101762K, committed 102016K, reserved 1138688K
  class space    used 12710K, capacity 13596K, committed 13696K, reserved 1048576K
}
Event: 19.300 GC heap before
{Heap before GC invocations=32 (full 0):
 garbage-first heap   total 348160K, used 160460K [0x0000000080000000, 0x0000000100000000)
  region size 1024K, 17 young (17408K), 5 survivors (5120K)
 Metaspace       used 99366K, capacity 101764K, committed 102016K, reserved 1138688K
  class space    used 12710K, capacity 13596K, committed 13696K, reserved 1048576K
}
Event: 19.306 GC heap after
{Heap after GC invocations=33 (full 0):
 garbage-first heap   total 348160K, used 115062K [0x0000000080000000, 0x0000000100000000)
  region size 1024K, 2 young (2048K), 2 survivors (2048K)
 Metaspace       used 99366K, capacity 101764K, committed 102016K, reserved 1138688K
  class space    used 12710K, capacity 13596K, committed 13696K, reserved 1048576K
}
Event: 19.380 GC heap before
{Heap before GC invocations=33 (full 0):
 garbage-first heap   total 348160K, used 130422K [0x0000000080000000, 0x0000000100000000)
  region size 1024K, 17 young (17408K), 2 survivors (2048K)
 Metaspace       used 99376K, capacity 101764K, committed 102016K, reserved 1138688K
  class space    used 12710K, capacity 13596K, committed 13696K, reserved 1048576K
}
Event: 19.386 GC heap after
{Heap after GC invocations=34 (full 0):
 garbage-first heap   total 348160K, used 97561K [0x0000000080000000, 0x0000000100000000)
  region size 1024K, 2 young (2048K), 2 survivors (2048K)
 Metaspace       used 99376K, capacity 101764K, committed 102016K, reserved 1138688K
  class space    used 12710K, capacity 13596K, committed 13696K, reserved 1048576K
}

