# JRE version: OpenJDK Runtime Environment (11.0.8+10) (build 11.0.8+10-b944.6842174)
# Java VM: OpenJDK 64-Bit Server VM (11.0.8+10-b944.6842174, mixed mode, tiered, compressed oops, g1 gc, windows-amd64)
Heap:
 garbage-first heap   total 258048K, used 195631K [0x0000000080000000, 0x0000000100000000)
  region size 1024K, 112 young (114688K), 15 survivors (15360K)
 Metaspace       used 104305K, capacity 107554K, committed 107776K, reserved 1142784K
  class space    used 13587K, capacity 14848K, committed 14848K, reserved 1048576K
GC Heap History (20 events):
Event: 9.199 GC heap before
{Heap before GC invocations=7 (full 0):
 garbage-first heap   total 258048K, used 176111K [0x0000000080000000, 0x0000000100000000)
  region size 1024K, 151 young (154624K), 12 survivors (12288K)
 Metaspace       used 58012K, capacity 59525K, committed 59648K, reserved 1101824K
  class space    used 7398K, capacity 7930K, committed 7936K, reserved 1048576K
}
Event: 9.209 GC heap after
{Heap after GC invocations=8 (full 0):
 garbage-first heap   total 258048K, used 48080K [0x0000000080000000, 0x0000000100000000)
  region size 1024K, 19 young (19456K), 19 survivors (19456K)
 Metaspace       used 58012K, capacity 59525K, committed 59648K, reserved 1101824K
  class space    used 7398K, capacity 7930K, committed 7936K, reserved 1048576K
}
Event: 9.257 GC heap before
{Heap before GC invocations=8 (full 0):
 garbage-first heap   total 258048K, used 54224K [0x0000000080000000, 0x0000000100000000)
  region size 1024K, 26 young (26624K), 19 survivors (19456K)
 Metaspace       used 58584K, capacity 60038K, committed 60160K, reserved 1101824K
  class space    used 7445K, capacity 7969K, committed 8064K, reserved 1048576K
}
Event: 9.271 GC heap after
{Heap after GC invocations=9 (full 0):
 garbage-first heap   total 258048K, used 51819K [0x0000000080000000, 0x0000000100000000)
  region size 1024K, 4 young (4096K), 4 survivors (4096K)
 Metaspace       used 58584K, capacity 60038K, committed 60160K, reserved 1101824K
  class space    used 7445K, capacity 7969K, committed 8064K, reserved 1048576K
}
Event: 10.009 GC heap before
{Heap before GC invocations=10 (full 0):
 garbage-first heap   total 258048K, used 137835K [0x0000000080000000, 0x0000000100000000)
  region size 1024K, 88 young (90112K), 4 survivors (4096K)
 Metaspace       used 65957K, capacity 67522K, committed 67840K, reserved 1107968K
  class space    used 8558K, capacity 9116K, committed 9216K, reserved 1048576K
}
Event: 10.016 GC heap after
{Heap after GC invocations=11 (full 0):
 garbage-first heap   total 258048K, used 55041K [0x0000000080000000, 0x0000000100000000)
  region size 1024K, 7 young (7168K), 7 survivors (7168K)
 Metaspace       used 65957K, capacity 67522K, committed 67840K, reserved 1107968K
  class space    used 8558K, capacity 9116K, committed 9216K, reserved 1048576K
}
Event: 10.920 GC heap before
{Heap before GC invocations=12 (full 0):
 garbage-first heap   total 258048K, used 148225K [0x0000000080000000, 0x0000000100000000)
  region size 1024K, 98 young (100352K), 7 survivors (7168K)
 Metaspace       used 75126K, capacity 76736K, committed 77056K, reserved 1116160K
  class space    used 9837K, capacity 10410K, committed 10496K, reserved 1048576K
}
Event: 10.927 GC heap after
{Heap after GC invocations=13 (full 0):
 garbage-first heap   total 258048K, used 60619K [0x0000000080000000, 0x0000000100000000)
  region size 1024K, 13 young (13312K), 13 survivors (13312K)
 Metaspace       used 75126K, capacity 76736K, committed 77056K, reserved 1116160K
  class space    used 9837K, capacity 10410K, committed 10496K, reserved 1048576K
}
Event: 12.132 GC heap before
{Heap before GC invocations=13 (full 0):
 garbage-first heap   total 258048K, used 157899K [0x0000000080000000, 0x0000000100000000)
  region size 1024K, 109 young (111616K), 13 survivors (13312K)
 Metaspace       used 79261K, capacity 81081K, committed 81408K, reserved 1120256K
  class space    used 10285K, capacity 10921K, committed 11008K, reserved 1048576K
}
Event: 12.142 GC heap after
{Heap after GC invocations=14 (full 0):
 garbage-first heap   total 258048K, used 67427K [0x0000000080000000, 0x0000000100000000)
  region size 1024K, 13 young (13312K), 13 survivors (13312K)
 Metaspace       used 79261K, capacity 81081K, committed 81408K, reserved 1120256K
  class space    used 10285K, capacity 10921K, committed 11008K, reserved 1048576K
}
Event: 13.043 GC heap before
{Heap before GC invocations=14 (full 0):
 garbage-first heap   total 258048K, used 167779K [0x0000000080000000, 0x0000000100000000)
  region size 1024K, 112 young (114688K), 13 survivors (13312K)
 Metaspace       used 83583K, capacity 85563K, committed 85760K, reserved 1124352K
  class space    used 10829K, capacity 11515K, committed 11520K, reserved 1048576K
}
Event: 13.053 GC heap after
{Heap after GC invocations=15 (full 0):
 garbage-first heap   total 258048K, used 71932K [0x0000000080000000, 0x0000000100000000)
  region size 1024K, 11 young (11264K), 11 survivors (11264K)
 Metaspace       used 83583K, capacity 85563K, committed 85760K, reserved 1124352K
  class space    used 10829K, capacity 11515K, committed 11520K, reserved 1048576K
}
Event: 28.422 GC heap before
{Heap before GC invocations=15 (full 0):
 garbage-first heap   total 258048K, used 176380K [0x0000000080000000, 0x0000000100000000)
  region size 1024K, 114 young (116736K), 11 survivors (11264K)
 Metaspace       used 91257K, capacity 93618K, committed 93952K, reserved 1130496K
  class space    used 11654K, capacity 12428K, committed 12544K, reserved 1048576K
}
Event: 28.436 GC heap after
{Heap after GC invocations=16 (full 0):
 garbage-first heap   total 258048K, used 79913K [0x0000000080000000, 0x0000000100000000)
  region size 1024K, 14 young (14336K), 14 survivors (14336K)
 Metaspace       used 91257K, capacity 93618K, committed 93952K, reserved 1130496K
  class space    used 11654K, capacity 12428K, committed 12544K, reserved 1048576K
}
Event: 40.537 GC heap before
{Heap before GC invocations=16 (full 0):
 garbage-first heap   total 258048K, used 183337K [0x0000000080000000, 0x0000000100000000)
  region size 1024K, 116 young (118784K), 14 survivors (14336K)
 Metaspace       used 91687K, capacity 93953K, committed 94208K, reserved 1130496K
  class space    used 11663K, capacity 12437K, committed 12544K, reserved 1048576K
}
Event: 40.545 GC heap after
{Heap after GC invocations=17 (full 0):
 garbage-first heap   total 258048K, used 77834K [0x0000000080000000, 0x0000000100000000)
  region size 1024K, 3 young (3072K), 3 survivors (3072K)
 Metaspace       used 91687K, capacity 93953K, committed 94208K, reserved 1130496K
  class space    used 11663K, capacity 12437K, committed 12544K, reserved 1048576K
}
Event: 43.279 GC heap before
{Heap before GC invocations=17 (full 0):
 garbage-first heap   total 258048K, used 187402K [0x0000000080000000, 0x0000000100000000)
  region size 1024K, 111 young (113664K), 3 survivors (3072K)
 Metaspace       used 92381K, capacity 94773K, committed 94976K, reserved 1132544K
  class space    used 11715K, capacity 12526K, committed 12544K, reserved 1048576K
}
Event: 43.284 GC heap after
{Heap after GC invocations=18 (full 0):
 garbage-first heap   total 258048K, used 81872K [0x0000000080000000, 0x0000000100000000)
  region size 1024K, 7 young (7168K), 7 survivors (7168K)
 Metaspace       used 92381K, capacity 94773K, committed 94976K, reserved 1132544K
  class space    used 11715K, capacity 12526K, committed 12544K, reserved 1048576K
}
Event: 45.080 GC heap before
{Heap before GC invocations=18 (full 0):
 garbage-first heap   total 258048K, used 194512K [0x0000000080000000, 0x0000000100000000)
  region size 1024K, 116 young (118784K), 7 survivors (7168K)
 Metaspace       used 97432K, capacity 100180K, committed 100224K, reserved 1136640K
  class space    used 12474K, capacity 13411K, committed 13440K, reserved 1048576K
}
Event: 45.094 GC heap after
{Heap after GC invocations=19 (full 0):
 garbage-first heap   total 258048K, used 98351K [0x0000000080000000, 0x0000000100000000)
  region size 1024K, 15 young (15360K), 15 survivors (15360K)
 Metaspace       used 97432K, capacity 100180K, committed 100224K, reserved 1136640K
  class space    used 12474K, capacity 13411K, committed 13440K, reserved 1048576K
}

